<?xml version="1.0" encoding="UTF-8"?>
<coverage generated="1561522015">
  <project timestamp="1561522015">
    <package name="Friday\Console">
      <file name="D:\xampp\htdocs\app\vendor\ironphp\ironphp\src\Friday\Console\Colors.php">
        <class name="Friday\Console\Colors" namespace="Friday\Console">
          <metrics complexity="0" methods="0" coveredmethods="0" conditionals="0" coveredconditionals="0" statements="0" coveredstatements="0" elements="0" coveredelements="0"/>
        </class>
        <metrics loc="57" ncloc="31" classes="0" methods="0" coveredmethods="0" conditionals="0" coveredconditionals="0" statements="0" coveredstatements="0" elements="0" coveredelements="0"/>
      </file>
      <file name="D:\xampp\htdocs\app\vendor\ironphp\ironphp\src\Friday\Console\Command.php">
        <class name="Friday\Console\Command" namespace="Friday\Console">
          <metrics complexity="24" methods="7" coveredmethods="0" conditionals="0" coveredconditionals="0" statements="65" coveredstatements="0" elements="72" coveredelements="0"/>
        </class>
        <line num="67" type="method" name="__construct" visibility="public" complexity="14" crap="210.00" count="0"/>
        <line num="69" type="stmt" count="0"/>
        <line num="70" type="stmt" count="0"/>
        <line num="71" type="stmt" count="0"/>
        <line num="73" type="stmt" count="0"/>
        <line num="75" type="stmt" count="0"/>
        <line num="76" type="stmt" count="0"/>
        <line num="77" type="stmt" count="0"/>
        <line num="78" type="stmt" count="0"/>
        <line num="80" type="stmt" count="0"/>
        <line num="82" type="stmt" count="0"/>
        <line num="85" type="stmt" count="0"/>
        <line num="86" type="stmt" count="0"/>
        <line num="87" type="stmt" count="0"/>
        <line num="88" type="stmt" count="0"/>
        <line num="89" type="stmt" count="0"/>
        <line num="90" type="stmt" count="0"/>
        <line num="91" type="stmt" count="0"/>
        <line num="92" type="stmt" count="0"/>
        <line num="93" type="stmt" count="0"/>
        <line num="95" type="stmt" count="0"/>
        <line num="98" type="stmt" count="0"/>
        <line num="101" type="stmt" count="0"/>
        <line num="103" type="stmt" count="0"/>
        <line num="107" type="stmt" count="0"/>
        <line num="108" type="stmt" count="0"/>
        <line num="109" type="stmt" count="0"/>
        <line num="110" type="stmt" count="0"/>
        <line num="111" type="stmt" count="0"/>
        <line num="112" type="stmt" count="0"/>
        <line num="114" type="stmt" count="0"/>
        <line num="115" type="stmt" count="0"/>
        <line num="116" type="stmt" count="0"/>
        <line num="120" type="stmt" count="0"/>
        <line num="121" type="stmt" count="0"/>
        <line num="126" type="stmt" count="0"/>
        <line num="130" type="stmt" count="0"/>
        <line num="131" type="stmt" count="0"/>
        <line num="132" type="stmt" count="0"/>
        <line num="133" type="stmt" count="0"/>
        <line num="134" type="stmt" count="0"/>
        <line num="136" type="stmt" count="0"/>
        <line num="139" type="stmt" count="0"/>
        <line num="142" type="stmt" count="0"/>
        <line num="144" type="stmt" count="0"/>
        <line num="178" type="stmt" count="0"/>
        <line num="179" type="stmt" count="0"/>
        <line num="180" type="stmt" count="0"/>
        <line num="187" type="method" name="getOutput" visibility="public" complexity="1" crap="2.00" count="0"/>
        <line num="189" type="stmt" count="0"/>
        <line num="190" type="stmt" count="0"/>
        <line num="200" type="method" name="execute" visibility="public" complexity="1" crap="2.00" count="0"/>
        <line num="202" type="stmt" count="0"/>
        <line num="203" type="stmt" count="0"/>
        <line num="204" type="stmt" count="0"/>
        <line num="205" type="stmt" count="0"/>
        <line num="215" type="method" name="executeHelp" visibility="public" complexity="1" crap="2.00" count="0"/>
        <line num="217" type="stmt" count="0"/>
        <line num="218" type="stmt" count="0"/>
        <line num="220" type="stmt" count="0"/>
        <line num="228" type="method" name="getConsole" visibility="public" complexity="1" crap="2.00" count="0"/>
        <line num="230" type="stmt" count="0"/>
        <line num="238" type="method" name="getInfo" visibility="public" complexity="3" crap="12.00" count="0"/>
        <line num="240" type="stmt" count="0"/>
        <line num="241" type="stmt" count="0"/>
        <line num="242" type="stmt" count="0"/>
        <line num="243" type="stmt" count="0"/>
        <line num="251" type="method" name="getWelInfo" visibility="public" complexity="3" crap="12.00" count="0"/>
        <line num="253" type="stmt" count="0"/>
        <line num="254" type="stmt" count="0"/>
        <line num="255" type="stmt" count="0"/>
        <line num="256" type="stmt" count="0"/>
        <metrics loc="258" ncloc="126" classes="1" methods="7" coveredmethods="0" conditionals="0" coveredconditionals="0" statements="65" coveredstatements="0" elements="72" coveredelements="0"/>
      </file>
    </package>
    <package name="Friday\Console\Command">
      <file name="D:\xampp\htdocs\app\vendor\ironphp\ironphp\src\Friday\Console\Command\HelpCommand.php">
        <class name="Friday\Console\Command\HelpCommand" namespace="Friday\Console\Command">
          <metrics complexity="4" methods="3" coveredmethods="0" conditionals="0" coveredconditionals="0" statements="28" coveredstatements="0" elements="31" coveredelements="0"/>
        </class>
        <line num="40" type="method" name="__construct" visibility="public" complexity="1" crap="2.00" count="0"/>
        <line num="42" type="stmt" count="0"/>
        <line num="43" type="stmt" count="0"/>
        <line num="50" type="method" name="run" visibility="public" complexity="2" crap="6.00" count="0"/>
        <line num="52" type="stmt" count="0"/>
        <line num="53" type="stmt" count="0"/>
        <line num="55" type="stmt" count="0"/>
        <line num="66" type="method" name="help" visibility="public" complexity="1" crap="2.00" count="0"/>
        <line num="68" type="stmt" count="0"/>
        <line num="69" type="stmt" count="0"/>
        <line num="70" type="stmt" count="0"/>
        <line num="71" type="stmt" count="0"/>
        <line num="72" type="stmt" count="0"/>
        <line num="73" type="stmt" count="0"/>
        <line num="74" type="stmt" count="0"/>
        <line num="75" type="stmt" count="0"/>
        <line num="76" type="stmt" count="0"/>
        <line num="77" type="stmt" count="0"/>
        <line num="78" type="stmt" count="0"/>
        <line num="79" type="stmt" count="0"/>
        <line num="80" type="stmt" count="0"/>
        <line num="81" type="stmt" count="0"/>
        <line num="82" type="stmt" count="0"/>
        <line num="83" type="stmt" count="0"/>
        <line num="84" type="stmt" count="0"/>
        <line num="85" type="stmt" count="0"/>
        <line num="86" type="stmt" count="0"/>
        <line num="87" type="stmt" count="0"/>
        <line num="88" type="stmt" count="0"/>
        <line num="89" type="stmt" count="0"/>
        <line num="91" type="stmt" count="0"/>
        <metrics loc="93" ncloc="53" classes="1" methods="3" coveredmethods="0" conditionals="0" coveredconditionals="0" statements="28" coveredstatements="0" elements="31" coveredelements="0"/>
      </file>
      <file name="D:\xampp\htdocs\app\vendor\ironphp\ironphp\src\Friday\Console\Command\KeyCommand.php">
        <class name="Friday\Console\Command\KeyCommand" namespace="Friday\Console\Command">
          <metrics complexity="5" methods="4" coveredmethods="0" conditionals="0" coveredconditionals="0" statements="24" coveredstatements="0" elements="28" coveredelements="0"/>
        </class>
        <line num="40" type="method" name="__construct" visibility="public" complexity="1" crap="2.00" count="0"/>
        <line num="42" type="stmt" count="0"/>
        <line num="43" type="stmt" count="0"/>
        <line num="50" type="method" name="run" visibility="public" complexity="1" crap="2.00" count="0"/>
        <line num="52" type="stmt" count="0"/>
        <line num="54" type="stmt" count="0"/>
        <line num="62" type="method" name="key" visibility="public" complexity="2" crap="6.00" count="0"/>
        <line num="64" type="stmt" count="0"/>
        <line num="66" type="stmt" count="0"/>
        <line num="74" type="method" name="help" visibility="public" complexity="1" crap="2.00" count="0"/>
        <line num="76" type="stmt" count="0"/>
        <line num="77" type="stmt" count="0"/>
        <line num="78" type="stmt" count="0"/>
        <line num="79" type="stmt" count="0"/>
        <line num="80" type="stmt" count="0"/>
        <line num="81" type="stmt" count="0"/>
        <line num="82" type="stmt" count="0"/>
        <line num="83" type="stmt" count="0"/>
        <line num="84" type="stmt" count="0"/>
        <line num="85" type="stmt" count="0"/>
        <line num="86" type="stmt" count="0"/>
        <line num="87" type="stmt" count="0"/>
        <line num="88" type="stmt" count="0"/>
        <line num="89" type="stmt" count="0"/>
        <line num="90" type="stmt" count="0"/>
        <line num="91" type="stmt" count="0"/>
        <line num="92" type="stmt" count="0"/>
        <line num="94" type="stmt" count="0"/>
        <metrics loc="96" ncloc="53" classes="1" methods="4" coveredmethods="0" conditionals="0" coveredconditionals="0" statements="24" coveredstatements="0" elements="28" coveredelements="0"/>
      </file>
      <file name="D:\xampp\htdocs\app\vendor\ironphp\ironphp\src\Friday\Console\Command\ListCommand.php">
        <class name="Friday\Console\Command\ListCommand" namespace="Friday\Console\Command">
          <metrics complexity="3" methods="3" coveredmethods="0" conditionals="0" coveredconditionals="0" statements="35" coveredstatements="0" elements="38" coveredelements="0"/>
        </class>
        <line num="40" type="method" name="__construct" visibility="public" complexity="1" crap="2.00" count="0"/>
        <line num="42" type="stmt" count="0"/>
        <line num="43" type="stmt" count="0"/>
        <line num="50" type="method" name="run" visibility="public" complexity="1" crap="2.00" count="0"/>
        <line num="52" type="stmt" count="0"/>
        <line num="53" type="stmt" count="0"/>
        <line num="54" type="stmt" count="0"/>
        <line num="55" type="stmt" count="0"/>
        <line num="56" type="stmt" count="0"/>
        <line num="57" type="stmt" count="0"/>
        <line num="58" type="stmt" count="0"/>
        <line num="59" type="stmt" count="0"/>
        <line num="60" type="stmt" count="0"/>
        <line num="61" type="stmt" count="0"/>
        <line num="62" type="stmt" count="0"/>
        <line num="63" type="stmt" count="0"/>
        <line num="64" type="stmt" count="0"/>
        <line num="65" type="stmt" count="0"/>
        <line num="67" type="stmt" count="0"/>
        <line num="75" type="method" name="help" visibility="public" complexity="1" crap="2.00" count="0"/>
        <line num="77" type="stmt" count="0"/>
        <line num="78" type="stmt" count="0"/>
        <line num="79" type="stmt" count="0"/>
        <line num="80" type="stmt" count="0"/>
        <line num="81" type="stmt" count="0"/>
        <line num="82" type="stmt" count="0"/>
        <line num="83" type="stmt" count="0"/>
        <line num="84" type="stmt" count="0"/>
        <line num="85" type="stmt" count="0"/>
        <line num="86" type="stmt" count="0"/>
        <line num="87" type="stmt" count="0"/>
        <line num="88" type="stmt" count="0"/>
        <line num="89" type="stmt" count="0"/>
        <line num="90" type="stmt" count="0"/>
        <line num="91" type="stmt" count="0"/>
        <line num="92" type="stmt" count="0"/>
        <line num="93" type="stmt" count="0"/>
        <line num="95" type="stmt" count="0"/>
        <metrics loc="97" ncloc="59" classes="1" methods="3" coveredmethods="0" conditionals="0" coveredconditionals="0" statements="35" coveredstatements="0" elements="38" coveredelements="0"/>
      </file>
      <file name="D:\xampp\htdocs\app\vendor\ironphp\ironphp\src\Friday\Console\Command\RouteCommand.php">
        <class name="Friday\Console\Command\RouteCommand" namespace="Friday\Console\Command">
          <metrics complexity="9" methods="4" coveredmethods="0" conditionals="0" coveredconditionals="0" statements="50" coveredstatements="0" elements="54" coveredelements="0"/>
        </class>
        <line num="40" type="method" name="__construct" visibility="public" complexity="1" crap="2.00" count="0"/>
        <line num="42" type="stmt" count="0"/>
        <line num="43" type="stmt" count="0"/>
        <line num="50" type="method" name="run" visibility="public" complexity="1" crap="2.00" count="0"/>
        <line num="52" type="stmt" count="0"/>
        <line num="53" type="stmt" count="0"/>
        <line num="54" type="stmt" count="0"/>
        <line num="56" type="stmt" count="0"/>
        <line num="66" type="method" name="getRoute" visibility="public" complexity="6" crap="42.00" count="0"/>
        <line num="68" type="stmt" count="0"/>
        <line num="69" type="stmt" count="0"/>
        <line num="70" type="stmt" count="0"/>
        <line num="71" type="stmt" count="0"/>
        <line num="72" type="stmt" count="0"/>
        <line num="73" type="stmt" count="0"/>
        <line num="74" type="stmt" count="0"/>
        <line num="75" type="stmt" count="0"/>
        <line num="77" type="stmt" count="0"/>
        <line num="78" type="stmt" count="0"/>
        <line num="80" type="stmt" count="0"/>
        <line num="81" type="stmt" count="0"/>
        <line num="84" type="stmt" count="0"/>
        <line num="86" type="stmt" count="0"/>
        <line num="87" type="stmt" count="0"/>
        <line num="91" type="stmt" count="0"/>
        <line num="92" type="stmt" count="0"/>
        <line num="93" type="stmt" count="0"/>
        <line num="94" type="stmt" count="0"/>
        <line num="96" type="stmt" count="0"/>
        <line num="104" type="method" name="help" visibility="public" complexity="1" crap="2.00" count="0"/>
        <line num="106" type="stmt" count="0"/>
        <line num="107" type="stmt" count="0"/>
        <line num="108" type="stmt" count="0"/>
        <line num="109" type="stmt" count="0"/>
        <line num="110" type="stmt" count="0"/>
        <line num="111" type="stmt" count="0"/>
        <line num="112" type="stmt" count="0"/>
        <line num="113" type="stmt" count="0"/>
        <line num="114" type="stmt" count="0"/>
        <line num="115" type="stmt" count="0"/>
        <line num="116" type="stmt" count="0"/>
        <line num="117" type="stmt" count="0"/>
        <line num="118" type="stmt" count="0"/>
        <line num="119" type="stmt" count="0"/>
        <line num="120" type="stmt" count="0"/>
        <line num="121" type="stmt" count="0"/>
        <line num="122" type="stmt" count="0"/>
        <line num="123" type="stmt" count="0"/>
        <line num="124" type="stmt" count="0"/>
        <line num="125" type="stmt" count="0"/>
        <line num="126" type="stmt" count="0"/>
        <line num="127" type="stmt" count="0"/>
        <line num="128" type="stmt" count="0"/>
        <line num="130" type="stmt" count="0"/>
        <metrics loc="132" ncloc="87" classes="1" methods="4" coveredmethods="0" conditionals="0" coveredconditionals="0" statements="50" coveredstatements="0" elements="54" coveredelements="0"/>
      </file>
      <file name="D:\xampp\htdocs\app\vendor\ironphp\ironphp\src\Friday\Console\Command\ServeCommand.php">
        <class name="Friday\Console\Command\ServeCommand" namespace="Friday\Console\Command">
          <metrics complexity="11" methods="4" coveredmethods="0" conditionals="0" coveredconditionals="0" statements="50" coveredstatements="0" elements="54" coveredelements="0"/>
        </class>
        <line num="40" type="method" name="__construct" visibility="public" complexity="1" crap="2.00" count="0"/>
        <line num="42" type="stmt" count="0"/>
        <line num="43" type="stmt" count="0"/>
        <line num="50" type="method" name="run" visibility="public" complexity="8" crap="72.00" count="0"/>
        <line num="52" type="stmt" count="0"/>
        <line num="53" type="stmt" count="0"/>
        <line num="54" type="stmt" count="0"/>
        <line num="55" type="stmt" count="0"/>
        <line num="56" type="stmt" count="0"/>
        <line num="58" type="stmt" count="0"/>
        <line num="59" type="stmt" count="0"/>
        <line num="60" type="stmt" count="0"/>
        <line num="61" type="stmt" count="0"/>
        <line num="64" type="stmt" count="0"/>
        <line num="65" type="stmt" count="0"/>
        <line num="66" type="stmt" count="0"/>
        <line num="67" type="stmt" count="0"/>
        <line num="68" type="stmt" count="0"/>
        <line num="71" type="stmt" count="0"/>
        <line num="72" type="stmt" count="0"/>
        <line num="73" type="stmt" count="0"/>
        <line num="84" type="method" name="serve" visibility="public" complexity="1" crap="2.00" count="0"/>
        <line num="86" type="stmt" count="0"/>
        <line num="87" type="stmt" count="0"/>
        <line num="88" type="stmt" count="0"/>
        <line num="89" type="stmt" count="0"/>
        <line num="90" type="stmt" count="0"/>
        <line num="97" type="method" name="help" visibility="public" complexity="1" crap="2.00" count="0"/>
        <line num="99" type="stmt" count="0"/>
        <line num="100" type="stmt" count="0"/>
        <line num="101" type="stmt" count="0"/>
        <line num="102" type="stmt" count="0"/>
        <line num="103" type="stmt" count="0"/>
        <line num="104" type="stmt" count="0"/>
        <line num="105" type="stmt" count="0"/>
        <line num="106" type="stmt" count="0"/>
        <line num="107" type="stmt" count="0"/>
        <line num="108" type="stmt" count="0"/>
        <line num="109" type="stmt" count="0"/>
        <line num="110" type="stmt" count="0"/>
        <line num="111" type="stmt" count="0"/>
        <line num="112" type="stmt" count="0"/>
        <line num="113" type="stmt" count="0"/>
        <line num="114" type="stmt" count="0"/>
        <line num="115" type="stmt" count="0"/>
        <line num="116" type="stmt" count="0"/>
        <line num="117" type="stmt" count="0"/>
        <line num="118" type="stmt" count="0"/>
        <line num="119" type="stmt" count="0"/>
        <line num="120" type="stmt" count="0"/>
        <line num="121" type="stmt" count="0"/>
        <line num="122" type="stmt" count="0"/>
        <line num="123" type="stmt" count="0"/>
        <line num="125" type="stmt" count="0"/>
        <metrics loc="127" ncloc="80" classes="1" methods="4" coveredmethods="0" conditionals="0" coveredconditionals="0" statements="50" coveredstatements="0" elements="54" coveredelements="0"/>
      </file>
      <file name="D:\xampp\htdocs\app\vendor\ironphp\ironphp\src\Friday\Console\Command\VersionCommand.php">
        <class name="Friday\Console\Command\VersionCommand" namespace="Friday\Console\Command">
          <metrics complexity="8" methods="4" coveredmethods="0" conditionals="0" coveredconditionals="0" statements="46" coveredstatements="0" elements="50" coveredelements="0"/>
        </class>
        <line num="41" type="method" name="__construct" visibility="public" complexity="1" crap="2.00" count="0"/>
        <line num="43" type="stmt" count="0"/>
        <line num="44" type="stmt" count="0"/>
        <line num="51" type="method" name="run" visibility="public" complexity="1" crap="2.00" count="0"/>
        <line num="53" type="stmt" count="0"/>
        <line num="60" type="stmt" count="0"/>
        <line num="61" type="stmt" count="0"/>
        <line num="63" type="stmt" count="0"/>
        <line num="71" type="method" name="checkUpdate" visibility="public" complexity="5" crap="30.00" count="0"/>
        <line num="73" type="stmt" count="0"/>
        <line num="74" type="stmt" count="0"/>
        <line num="75" type="stmt" count="0"/>
        <line num="76" type="stmt" count="0"/>
        <line num="77" type="stmt" count="0"/>
        <line num="78" type="stmt" count="0"/>
        <line num="79" type="stmt" count="0"/>
        <line num="80" type="stmt" count="0"/>
        <line num="81" type="stmt" count="0"/>
        <line num="82" type="stmt" count="0"/>
        <line num="83" type="stmt" count="0"/>
        <line num="85" type="stmt" count="0"/>
        <line num="87" type="stmt" count="0"/>
        <line num="88" type="stmt" count="0"/>
        <line num="89" type="stmt" count="0"/>
        <line num="90" type="stmt" count="0"/>
        <line num="91" type="stmt" count="0"/>
        <line num="92" type="stmt" count="0"/>
        <line num="94" type="stmt" count="0"/>
        <line num="97" type="stmt" count="0"/>
        <line num="100" type="stmt" count="0"/>
        <line num="102" type="stmt" count="0"/>
        <line num="109" type="method" name="help" visibility="public" complexity="1" crap="2.00" count="0"/>
        <line num="111" type="stmt" count="0"/>
        <line num="112" type="stmt" count="0"/>
        <line num="113" type="stmt" count="0"/>
        <line num="114" type="stmt" count="0"/>
        <line num="115" type="stmt" count="0"/>
        <line num="116" type="stmt" count="0"/>
        <line num="117" type="stmt" count="0"/>
        <line num="118" type="stmt" count="0"/>
        <line num="119" type="stmt" count="0"/>
        <line num="120" type="stmt" count="0"/>
        <line num="121" type="stmt" count="0"/>
        <line num="122" type="stmt" count="0"/>
        <line num="123" type="stmt" count="0"/>
        <line num="124" type="stmt" count="0"/>
        <line num="125" type="stmt" count="0"/>
        <line num="126" type="stmt" count="0"/>
        <line num="127" type="stmt" count="0"/>
        <line num="129" type="stmt" count="0"/>
        <metrics loc="131" ncloc="84" classes="1" methods="4" coveredmethods="0" conditionals="0" coveredconditionals="0" statements="46" coveredstatements="0" elements="50" coveredelements="0"/>
      </file>
    </package>
    <package name="Friday\Controller">
      <file name="D:\xampp\htdocs\app\vendor\ironphp\ironphp\src\Friday\Controller\Controller.php">
        <class name="Friday\Controller\Controller" namespace="Friday\Controller">
          <metrics complexity="41" methods="15" coveredmethods="0" conditionals="0" coveredconditionals="0" statements="94" coveredstatements="0" elements="109" coveredelements="0"/>
        </class>
        <line num="94" type="method" name="__construct" visibility="public" complexity="1" crap="2.00" count="0"/>
        <line num="96" type="stmt" count="0"/>
        <line num="108" type="method" name="initialize" visibility="public" complexity="1" crap="2.00" count="0"/>
        <line num="110" type="stmt" count="0"/>
        <line num="111" type="stmt" count="0"/>
        <line num="112" type="stmt" count="0"/>
        <line num="121" type="method" name="getName" visibility="public" complexity="1" crap="2.00" count="0"/>
        <line num="123" type="stmt" count="0"/>
        <line num="135" type="method" name="setName" visibility="public" complexity="1" crap="2.00" count="0"/>
        <line num="137" type="stmt" count="0"/>
        <line num="139" type="stmt" count="0"/>
        <line num="151" type="method" name="renderView" visibility="public" complexity="2" crap="6.00" count="0"/>
        <line num="153" type="stmt" count="0"/>
        <line num="154" type="stmt" count="0"/>
        <line num="156" type="stmt" count="0"/>
        <line num="157" type="stmt" count="0"/>
        <line num="158" type="stmt" count="0"/>
        <line num="160" type="stmt" count="0"/>
        <line num="172" type="method" name="renderTemplate" visibility="public" complexity="2" crap="6.00" count="0"/>
        <line num="174" type="stmt" count="0"/>
        <line num="175" type="stmt" count="0"/>
        <line num="177" type="stmt" count="0"/>
        <line num="178" type="stmt" count="0"/>
        <line num="179" type="stmt" count="0"/>
        <line num="181" type="stmt" count="0"/>
        <line num="191" type="method" name="model" visibility="public" complexity="2" crap="6.00" count="0"/>
        <line num="193" type="stmt" count="0"/>
        <line num="194" type="stmt" count="0"/>
        <line num="197" type="stmt" count="0"/>
        <line num="198" type="stmt" count="0"/>
        <line num="199" type="stmt" count="0"/>
        <line num="200" type="stmt" count="0"/>
        <line num="201" type="stmt" count="0"/>
        <line num="203" type="stmt" count="0"/>
        <line num="215" type="method" name="view" visibility="public" complexity="2" crap="6.00" count="0"/>
        <line num="217" type="stmt" count="0"/>
        <line num="218" type="stmt" count="0"/>
        <line num="220" type="stmt" count="0"/>
        <line num="221" type="stmt" count="0"/>
        <line num="222" type="stmt" count="0"/>
        <line num="232" type="method" name="template" visibility="public" complexity="2" crap="6.00" count="0"/>
        <line num="234" type="stmt" count="0"/>
        <line num="235" type="stmt" count="0"/>
        <line num="237" type="stmt" count="0"/>
        <line num="238" type="stmt" count="0"/>
        <line num="239" type="stmt" count="0"/>
        <line num="249" type="method" name="handleController" visibility="public" complexity="5" crap="30.00" count="0"/>
        <line num="251" type="stmt" count="0"/>
        <line num="252" type="stmt" count="0"/>
        <line num="253" type="stmt" count="0"/>
        <line num="254" type="stmt" count="0"/>
        <line num="256" type="stmt" count="0"/>
        <line num="257" type="stmt" count="0"/>
        <line num="258" type="stmt" count="0"/>
        <line num="259" type="stmt" count="0"/>
        <line num="260" type="stmt" count="0"/>
        <line num="261" type="stmt" count="0"/>
        <line num="263" type="stmt" count="0"/>
        <line num="266" type="stmt" count="0"/>
        <line num="268" type="stmt" count="0"/>
        <line num="276" type="method" name="getParam" visibility="protected" complexity="2" crap="6.00" count="0"/>
        <line num="278" type="stmt" count="0"/>
        <line num="279" type="stmt" count="0"/>
        <line num="282" type="stmt" count="0"/>
        <line num="293" type="method" name="downloadFile" visibility="protected" complexity="14" crap="210.00" count="0"/>
        <line num="295" type="stmt" count="0"/>
        <line num="296" type="stmt" count="0"/>
        <line num="298" type="stmt" count="0"/>
        <line num="299" type="stmt" count="0"/>
        <line num="300" type="stmt" count="0"/>
        <line num="301" type="stmt" count="0"/>
        <line num="302" type="stmt" count="0"/>
        <line num="303" type="stmt" count="0"/>
        <line num="304" type="stmt" count="0"/>
        <line num="307" type="stmt" count="0"/>
        <line num="308" type="stmt" count="0"/>
        <line num="309" type="stmt" count="0"/>
        <line num="310" type="stmt" count="0"/>
        <line num="311" type="stmt" count="0"/>
        <line num="312" type="stmt" count="0"/>
        <line num="313" type="stmt" count="0"/>
        <line num="314" type="stmt" count="0"/>
        <line num="315" type="stmt" count="0"/>
        <line num="316" type="stmt" count="0"/>
        <line num="317" type="stmt" count="0"/>
        <line num="318" type="stmt" count="0"/>
        <line num="320" type="stmt" count="0"/>
        <line num="322" type="stmt" count="0"/>
        <line num="324" type="stmt" count="0"/>
        <line num="325" type="stmt" count="0"/>
        <line num="327" type="stmt" count="0"/>
        <line num="328" type="stmt" count="0"/>
        <line num="330" type="stmt" count="0"/>
        <line num="332" type="stmt" count="0"/>
        <line num="335" type="stmt" count="0"/>
        <line num="342" type="method" name="getRequest" visibility="protected" complexity="2" crap="6.00" count="0"/>
        <line num="344" type="stmt" count="0"/>
        <line num="345" type="stmt" count="0"/>
        <line num="348" type="stmt" count="0"/>
        <line num="360" type="method" name="theme" visibility="protected" complexity="2" crap="6.00" count="0"/>
        <line num="362" type="stmt" count="0"/>
        <line num="363" type="stmt" count="0"/>
        <line num="365" type="stmt" count="0"/>
        <line num="366" type="stmt" count="0"/>
        <line num="367" type="stmt" count="0"/>
        <line num="377" type="method" name="renderTheme" visibility="public" complexity="2" crap="6.00" count="0"/>
        <line num="379" type="stmt" count="0"/>
        <line num="380" type="stmt" count="0"/>
        <line num="383" type="stmt" count="0"/>
        <metrics loc="385" ncloc="201" classes="1" methods="15" coveredmethods="0" conditionals="0" coveredconditionals="0" statements="94" coveredstatements="0" elements="109" coveredelements="0"/>
      </file>
    </package>
    <package name="Friday\Foundation">
      <file name="D:\xampp\htdocs\app\vendor\ironphp\ironphp\src\Friday\Foundation\Application.php">
        <class name="Friday\Foundation\Application" namespace="Friday\Foundation">
          <metrics complexity="90" methods="23" coveredmethods="0" conditionals="0" coveredconditionals="0" statements="199" coveredstatements="0" elements="222" coveredelements="0"/>
        </class>
        <line num="75" type="method" name="__construct" visibility="public" complexity="6" crap="42.00" count="0"/>
        <line num="77" type="stmt" count="0"/>
        <line num="78" type="stmt" count="0"/>
        <line num="81" type="stmt" count="0"/>
        <line num="85" type="stmt" count="0"/>
        <line num="86" type="stmt" count="0"/>
        <line num="89" type="stmt" count="0"/>
        <line num="90" type="stmt" count="0"/>
        <line num="93" type="stmt" count="0"/>
        <line num="94" type="stmt" count="0"/>
        <line num="95" type="stmt" count="0"/>
        <line num="96" type="stmt" count="0"/>
        <line num="100" type="stmt" count="0"/>
        <line num="101" type="stmt" count="0"/>
        <line num="102" type="stmt" count="0"/>
        <line num="104" type="stmt" count="0"/>
        <line num="105" type="stmt" count="0"/>
        <line num="106" type="stmt" count="0"/>
        <line num="108" type="stmt" count="0"/>
        <line num="111" type="stmt" count="0"/>
        <line num="112" type="stmt" count="0"/>
        <line num="113" type="stmt" count="0"/>
        <line num="114" type="stmt" count="0"/>
        <line num="118" type="stmt" count="0"/>
        <line num="119" type="stmt" count="0"/>
        <line num="120" type="stmt" count="0"/>
        <line num="124" type="stmt" count="0"/>
        <line num="127" type="stmt" count="0"/>
        <line num="129" type="stmt" count="0"/>
        <line num="130" type="stmt" count="0"/>
        <line num="133" type="stmt" count="0"/>
        <line num="134" type="stmt" count="0"/>
        <line num="136" type="stmt" count="0"/>
        <line num="137" type="stmt" count="0"/>
        <line num="144" type="method" name="version" visibility="public" complexity="1" crap="2.00" count="0"/>
        <line num="146" type="stmt" count="0"/>
        <line num="156" type="method" name="setBasePath" visibility="public" complexity="1" crap="2.00" count="0"/>
        <line num="158" type="stmt" count="0"/>
        <line num="160" type="stmt" count="0"/>
        <line num="170" type="method" name="basePath" visibility="public" complexity="2" crap="6.00" count="0"/>
        <line num="172" type="stmt" count="0"/>
        <line num="182" type="method" name="findFile" visibility="public" complexity="3" crap="12.00" count="0"/>
        <line num="184" type="stmt" count="0"/>
        <line num="185" type="stmt" count="0"/>
        <line num="187" type="stmt" count="0"/>
        <line num="200" type="method" name="findModel" visibility="public" complexity="2" crap="6.00" count="0"/>
        <line num="202" type="stmt" count="0"/>
        <line num="203" type="stmt" count="0"/>
        <line num="204" type="stmt" count="0"/>
        <line num="206" type="stmt" count="0"/>
        <line num="220" type="method" name="findView" visibility="public" complexity="2" crap="6.00" count="0"/>
        <line num="222" type="stmt" count="0"/>
        <line num="223" type="stmt" count="0"/>
        <line num="224" type="stmt" count="0"/>
        <line num="226" type="stmt" count="0"/>
        <line num="240" type="method" name="findTemplate" visibility="public" complexity="4" crap="20.00" count="0"/>
        <line num="242" type="stmt" count="0"/>
        <line num="243" type="stmt" count="0"/>
        <line num="244" type="stmt" count="0"/>
        <line num="245" type="stmt" count="0"/>
        <line num="246" type="stmt" count="0"/>
        <line num="247" type="stmt" count="0"/>
        <line num="248" type="stmt" count="0"/>
        <line num="250" type="stmt" count="0"/>
        <line num="264" type="method" name="findController" visibility="public" complexity="2" crap="6.00" count="0"/>
        <line num="266" type="stmt" count="0"/>
        <line num="267" type="stmt" count="0"/>
        <line num="268" type="stmt" count="0"/>
        <line num="270" type="stmt" count="0"/>
        <line num="285" type="method" name="hasMethod" visibility="public" complexity="2" crap="6.00" count="0"/>
        <line num="287" type="stmt" count="0"/>
        <line num="288" type="stmt" count="0"/>
        <line num="290" type="stmt" count="0"/>
        <line num="305" type="method" name="requireFile" visibility="public" complexity="3" crap="12.00" count="0"/>
        <line num="307" type="stmt" count="0"/>
        <line num="308" type="stmt" count="0"/>
        <line num="309" type="stmt" count="0"/>
        <line num="311" type="stmt" count="0"/>
        <line num="314" type="stmt" count="0"/>
        <line num="317" type="stmt" count="0"/>
        <line num="324" type="method" name="setIntallTime" visibility="public" complexity="3" crap="12.00" count="0"/>
        <line num="326" type="stmt" count="0"/>
        <line num="327" type="stmt" count="0"/>
        <line num="328" type="stmt" count="0"/>
        <line num="329" type="stmt" count="0"/>
        <line num="330" type="stmt" count="0"/>
        <line num="331" type="stmt" count="0"/>
        <line num="333" type="stmt" count="0"/>
        <line num="336" type="stmt" count="0"/>
        <line num="347" type="method" name="getIntallTime" visibility="public" complexity="3" crap="12.00" count="0"/>
        <line num="349" type="stmt" count="0"/>
        <line num="350" type="stmt" count="0"/>
        <line num="351" type="stmt" count="0"/>
        <line num="353" type="stmt" count="0"/>
        <line num="354" type="stmt" count="0"/>
        <line num="356" type="stmt" count="0"/>
        <line num="357" type="stmt" count="0"/>
        <line num="360" type="stmt" count="0"/>
        <line num="370" type="method" name="setKey" visibility="public" complexity="9" crap="90.00" count="0"/>
        <line num="372" type="stmt" count="0"/>
        <line num="373" type="stmt" count="0"/>
        <line num="375" type="stmt" count="0"/>
        <line num="376" type="stmt" count="0"/>
        <line num="377" type="stmt" count="0"/>
        <line num="379" type="stmt" count="0"/>
        <line num="380" type="stmt" count="0"/>
        <line num="381" type="stmt" count="0"/>
        <line num="382" type="stmt" count="0"/>
        <line num="383" type="stmt" count="0"/>
        <line num="384" type="stmt" count="0"/>
        <line num="385" type="stmt" count="0"/>
        <line num="386" type="stmt" count="0"/>
        <line num="387" type="stmt" count="0"/>
        <line num="388" type="stmt" count="0"/>
        <line num="389" type="stmt" count="0"/>
        <line num="390" type="stmt" count="0"/>
        <line num="394" type="stmt" count="0"/>
        <line num="395" type="stmt" count="0"/>
        <line num="397" type="stmt" count="0"/>
        <line num="398" type="stmt" count="0"/>
        <line num="399" type="stmt" count="0"/>
        <line num="400" type="stmt" count="0"/>
        <line num="401" type="stmt" count="0"/>
        <line num="403" type="stmt" count="0"/>
        <line num="405" type="stmt" count="0"/>
        <line num="416" type="method" name="parseEnvFile" visibility="public" complexity="1" crap="2.00" count="0"/>
        <line num="418" type="stmt" count="0"/>
        <line num="420" type="stmt" count="0"/>
        <line num="422" type="stmt" count="0"/>
        <line num="434" type="method" name="ensureFileIsReadable" visibility="protected" complexity="3" crap="12.00" count="0"/>
        <line num="436" type="stmt" count="0"/>
        <line num="437" type="stmt" count="0"/>
        <line num="439" type="stmt" count="0"/>
        <line num="449" type="method" name="findCommand" visibility="public" complexity="2" crap="6.00" count="0"/>
        <line num="451" type="stmt" count="0"/>
        <line num="452" type="stmt" count="0"/>
        <line num="453" type="stmt" count="0"/>
        <line num="455" type="stmt" count="0"/>
        <line num="468" type="method" name="setTimezone" visibility="public" complexity="5" crap="30.00" count="0"/>
        <line num="474" type="stmt" count="0"/>
        <line num="478" type="stmt" count="0"/>
        <line num="481" type="stmt" count="0"/>
        <line num="483" type="stmt" count="0"/>
        <line num="484" type="stmt" count="0"/>
        <line num="486" type="stmt" count="0"/>
        <line num="489" type="stmt" count="0"/>
        <line num="491" type="stmt" count="0"/>
        <line num="494" type="stmt" count="0"/>
        <line num="495" type="stmt" count="0"/>
        <line num="496" type="stmt" count="0"/>
        <line num="499" type="stmt" count="0"/>
        <line num="501" type="stmt" count="0"/>
        <line num="502" type="stmt" count="0"/>
        <line num="511" type="method" name="getRoutes" visibility="public" complexity="1" crap="2.00" count="0"/>
        <line num="513" type="stmt" count="0"/>
        <line num="526" type="method" name="findTheme" visibility="public" complexity="12" crap="156.00" count="0"/>
        <line num="528" type="stmt" count="0"/>
        <line num="529" type="stmt" count="0"/>
        <line num="530" type="stmt" count="0"/>
        <line num="531" type="stmt" count="0"/>
        <line num="533" type="stmt" count="0"/>
        <line num="536" type="stmt" count="0"/>
        <line num="537" type="stmt" count="0"/>
        <line num="541" type="stmt" count="0"/>
        <line num="542" type="stmt" count="0"/>
        <line num="543" type="stmt" count="0"/>
        <line num="545" type="stmt" count="0"/>
        <line num="546" type="stmt" count="0"/>
        <line num="550" type="stmt" count="0"/>
        <line num="551" type="stmt" count="0"/>
        <line num="552" type="stmt" count="0"/>
        <line num="553" type="stmt" count="0"/>
        <line num="554" type="stmt" count="0"/>
        <line num="555" type="stmt" count="0"/>
        <line num="558" type="stmt" count="0"/>
        <line num="561" type="stmt" count="0"/>
        <line num="562" type="stmt" count="0"/>
        <line num="564" type="stmt" count="0"/>
        <line num="567" type="stmt" count="0"/>
        <line num="569" type="stmt" count="0"/>
        <line num="582" type="method" name="parseDir" visibility="public" complexity="1" crap="2.00" count="0"/>
        <line num="584" type="stmt" count="0"/>
        <line num="585" type="stmt" count="0"/>
        <line num="586" type="stmt" count="0"/>
        <line num="587" type="stmt" count="0"/>
        <line num="589" type="stmt" count="0"/>
        <line num="604" type="method" name="getList" visibility="public" complexity="9" crap="90.00" count="0"/>
        <line num="606" type="stmt" count="0"/>
        <line num="607" type="stmt" count="0"/>
        <line num="608" type="stmt" count="0"/>
        <line num="609" type="stmt" count="0"/>
        <line num="610" type="stmt" count="0"/>
        <line num="611" type="stmt" count="0"/>
        <line num="613" type="stmt" count="0"/>
        <line num="614" type="stmt" count="0"/>
        <line num="615" type="stmt" count="0"/>
        <line num="616" type="stmt" count="0"/>
        <line num="618" type="stmt" count="0"/>
        <line num="623" type="stmt" count="0"/>
        <line num="633" type="method" name="installTheme" visibility="public" complexity="13" crap="182.00" count="0"/>
        <line num="635" type="stmt" count="0"/>
        <line num="636" type="stmt" count="0"/>
        <line num="637" type="stmt" count="0"/>
        <line num="638" type="stmt" count="0"/>
        <line num="639" type="stmt" count="0"/>
        <line num="640" type="stmt" count="0"/>
        <line num="641" type="stmt" count="0"/>
        <line num="642" type="stmt" count="0"/>
        <line num="645" type="stmt" count="0"/>
        <line num="646" type="stmt" count="0"/>
        <line num="649" type="stmt" count="0"/>
        <line num="650" type="stmt" count="0"/>
        <line num="651" type="stmt" count="0"/>
        <line num="652" type="stmt" count="0"/>
        <line num="653" type="stmt" count="0"/>
        <line num="655" type="stmt" count="0"/>
        <line num="656" type="stmt" count="0"/>
        <line num="657" type="stmt" count="0"/>
        <line num="659" type="stmt" count="0"/>
        <line num="662" type="stmt" count="0"/>
        <line num="663" type="stmt" count="0"/>
        <line num="668" type="stmt" count="0"/>
        <metrics loc="669" ncloc="396" classes="1" methods="23" coveredmethods="0" conditionals="0" coveredconditionals="0" statements="199" coveredstatements="0" elements="222" coveredelements="0"/>
      </file>
      <file name="D:\xampp\htdocs\app\vendor\ironphp\ironphp\src\Friday\Foundation\Console.php">
        <class name="Friday\Foundation\Console" namespace="Friday\Foundation">
          <metrics complexity="3" methods="3" coveredmethods="0" conditionals="0" coveredconditionals="0" statements="13" coveredstatements="0" elements="16" coveredelements="0"/>
        </class>
        <line num="61" type="method" name="__construct" visibility="public" complexity="1" crap="2.00" count="0"/>
        <line num="63" type="stmt" count="0"/>
        <line num="65" type="stmt" count="0"/>
        <line num="68" type="stmt" count="0"/>
        <line num="70" type="stmt" count="0"/>
        <line num="72" type="stmt" count="0"/>
        <line num="73" type="stmt" count="0"/>
        <line num="74" type="stmt" count="0"/>
        <line num="81" type="method" name="getToken" visibility="public" complexity="1" crap="2.00" count="0"/>
        <line num="83" type="stmt" count="0"/>
        <line num="93" type="method" name="commandError" visibility="public" complexity="1" crap="2.00" count="0"/>
        <line num="95" type="stmt" count="0"/>
        <line num="96" type="stmt" count="0"/>
        <line num="97" type="stmt" count="0"/>
        <line num="98" type="stmt" count="0"/>
        <line num="100" type="stmt" count="0"/>
        <metrics loc="102" ncloc="45" classes="1" methods="3" coveredmethods="0" conditionals="0" coveredconditionals="0" statements="13" coveredstatements="0" elements="16" coveredelements="0"/>
      </file>
      <file name="D:\xampp\htdocs\app\vendor\ironphp\ironphp\src\Friday\Foundation\Server.php">
        <class name="Friday\Foundation\Server" namespace="Friday\Foundation">
          <metrics complexity="17" methods="3" coveredmethods="0" conditionals="0" coveredconditionals="0" statements="61" coveredstatements="0" elements="64" coveredelements="0"/>
        </class>
        <line num="94" type="method" name="__construct" visibility="public" complexity="7" crap="56.00" count="0"/>
        <line num="96" type="stmt" count="0"/>
        <line num="101" type="stmt" count="0"/>
        <line num="104" type="stmt" count="0"/>
        <line num="107" type="stmt" count="0"/>
        <line num="108" type="stmt" count="0"/>
        <line num="109" type="stmt" count="0"/>
        <line num="110" type="stmt" count="0"/>
        <line num="111" type="stmt" count="0"/>
        <line num="115" type="stmt" count="0"/>
        <line num="118" type="stmt" count="0"/>
        <line num="119" type="stmt" count="0"/>
        <line num="120" type="stmt" count="0"/>
        <line num="121" type="stmt" count="0"/>
        <line num="122" type="stmt" count="0"/>
        <line num="124" type="stmt" count="0"/>
        <line num="126" type="stmt" count="0"/>
        <line num="129" type="stmt" count="0"/>
        <line num="130" type="stmt" count="0"/>
        <line num="131" type="stmt" count="0"/>
        <line num="132" type="stmt" count="0"/>
        <line num="134" type="stmt" count="0"/>
        <line num="137" type="stmt" count="0"/>
        <line num="138" type="stmt" count="0"/>
        <line num="139" type="stmt" count="0"/>
        <line num="140" type="stmt" count="0"/>
        <line num="141" type="stmt" count="0"/>
        <line num="142" type="stmt" count="0"/>
        <line num="143" type="stmt" count="0"/>
        <line num="144" type="stmt" count="0"/>
        <line num="145" type="stmt" count="0"/>
        <line num="146" type="stmt" count="0"/>
        <line num="147" type="stmt" count="0"/>
        <line num="148" type="stmt" count="0"/>
        <line num="149" type="stmt" count="0"/>
        <line num="151" type="stmt" count="0"/>
        <line num="154" type="stmt" count="0"/>
        <line num="155" type="stmt" count="0"/>
        <line num="156" type="stmt" count="0"/>
        <line num="157" type="stmt" count="0"/>
        <line num="164" type="method" name="getRouteParam" visibility="public" complexity="1" crap="2.00" count="0"/>
        <line num="166" type="stmt" count="0"/>
        <line num="174" type="method" name="parseUri" visibility="public" complexity="9" crap="90.00" count="0"/>
        <line num="176" type="stmt" count="0"/>
        <line num="177" type="stmt" count="0"/>
        <line num="178" type="stmt" count="0"/>
        <line num="179" type="stmt" count="0"/>
        <line num="180" type="stmt" count="0"/>
        <line num="181" type="stmt" count="0"/>
        <line num="182" type="stmt" count="0"/>
        <line num="183" type="stmt" count="0"/>
        <line num="184" type="stmt" count="0"/>
        <line num="185" type="stmt" count="0"/>
        <line num="186" type="stmt" count="0"/>
        <line num="189" type="stmt" count="0"/>
        <line num="190" type="stmt" count="0"/>
        <line num="191" type="stmt" count="0"/>
        <line num="193" type="stmt" count="0"/>
        <line num="195" type="stmt" count="0"/>
        <line num="196" type="stmt" count="0"/>
        <line num="198" type="stmt" count="0"/>
        <line num="199" type="stmt" count="0"/>
        <line num="201" type="stmt" count="0"/>
        <line num="204" type="stmt" count="0"/>
        <metrics loc="206" ncloc="113" classes="1" methods="3" coveredmethods="0" conditionals="0" coveredconditionals="0" statements="61" coveredstatements="0" elements="64" coveredelements="0"/>
      </file>
    </package>
    <package name="Friday\Foundation\Errors">
      <file name="D:\xampp\htdocs\app\vendor\ironphp\ironphp\src\Friday\Foundation\Errors\Base.php">
        <class name="Friday\Foundation\Errors\Base" namespace="Friday\Foundation\Errors">
          <metrics complexity="5" methods="5" coveredmethods="0" conditionals="0" coveredconditionals="0" statements="7" coveredstatements="0" elements="12" coveredelements="0"/>
        </class>
        <line num="29" type="method" name="__construct" visibility="public" complexity="1" crap="2.00" count="0"/>
        <line num="31" type="stmt" count="0"/>
        <line num="32" type="stmt" count="0"/>
        <line num="33" type="stmt" count="0"/>
        <line num="35" type="method" name="getMessage" visibility="public" complexity="1" crap="2.00" count="0"/>
        <line num="37" type="stmt" count="0"/>
        <line num="40" type="method" name="getFile" visibility="public" complexity="1" crap="2.00" count="0"/>
        <line num="42" type="stmt" count="0"/>
        <line num="45" type="method" name="getLine" visibility="public" complexity="1" crap="2.00" count="0"/>
        <line num="47" type="stmt" count="0"/>
        <line num="50" type="method" name="getTrace" visibility="public" complexity="1" crap="2.00" count="0"/>
        <line num="52" type="stmt" count="0"/>
        <metrics loc="54" ncloc="35" classes="1" methods="5" coveredmethods="0" conditionals="0" coveredconditionals="0" statements="7" coveredstatements="0" elements="12" coveredelements="0"/>
      </file>
      <file name="D:\xampp\htdocs\app\vendor\ironphp\ironphp\src\Friday\Foundation\Errors\Error.php">
        <class name="Friday\Foundation\Errors\Error" namespace="Friday\Foundation\Errors">
          <metrics complexity="0" methods="0" coveredmethods="0" conditionals="0" coveredconditionals="0" statements="0" coveredstatements="0" elements="0" coveredelements="0"/>
        </class>
        <metrics loc="23" ncloc="7" classes="0" methods="0" coveredmethods="0" conditionals="0" coveredconditionals="0" statements="0" coveredstatements="0" elements="0" coveredelements="0"/>
      </file>
      <file name="D:\xampp\htdocs\app\vendor\ironphp\ironphp\src\Friday\Foundation\Errors\Fatal.php">
        <class name="Friday\Foundation\Errors\Fatal" namespace="Friday\Foundation\Errors">
          <metrics complexity="0" methods="0" coveredmethods="0" conditionals="0" coveredconditionals="0" statements="0" coveredstatements="0" elements="0" coveredelements="0"/>
        </class>
        <metrics loc="23" ncloc="7" classes="0" methods="0" coveredmethods="0" conditionals="0" coveredconditionals="0" statements="0" coveredstatements="0" elements="0" coveredelements="0"/>
      </file>
      <file name="D:\xampp\htdocs\app\vendor\ironphp\ironphp\src\Friday\Foundation\Errors\Notice.php">
        <class name="Friday\Foundation\Errors\Notice" namespace="Friday\Foundation\Errors">
          <metrics complexity="0" methods="0" coveredmethods="0" conditionals="0" coveredconditionals="0" statements="0" coveredstatements="0" elements="0" coveredelements="0"/>
        </class>
        <metrics loc="23" ncloc="7" classes="0" methods="0" coveredmethods="0" conditionals="0" coveredconditionals="0" statements="0" coveredstatements="0" elements="0" coveredelements="0"/>
      </file>
      <file name="D:\xampp\htdocs\app\vendor\ironphp\ironphp\src\Friday\Foundation\Errors\Warning.php">
        <class name="Friday\Foundation\Errors\Warning" namespace="Friday\Foundation\Errors">
          <metrics complexity="0" methods="0" coveredmethods="0" conditionals="0" coveredconditionals="0" statements="0" coveredstatements="0" elements="0" coveredelements="0"/>
        </class>
        <metrics loc="23" ncloc="7" classes="0" methods="0" coveredmethods="0" conditionals="0" coveredconditionals="0" statements="0" coveredstatements="0" elements="0" coveredelements="0"/>
      </file>
    </package>
    <package name="Friday\Foundation\Exceptions">
      <file name="D:\xampp\htdocs\app\vendor\ironphp\ironphp\src\Friday\Foundation\Exceptions\Handler.php">
        <class name="Friday\Foundation\Exceptions\Handler" namespace="Friday\Foundation\Exceptions">
          <metrics complexity="67" methods="10" coveredmethods="0" conditionals="0" coveredconditionals="0" statements="169" coveredstatements="0" elements="179" coveredelements="0"/>
        </class>
        <line num="79" type="method" name="__construct" visibility="public" complexity="3" crap="12.00" count="0"/>
        <line num="81" type="stmt" count="0"/>
        <line num="82" type="stmt" count="0"/>
        <line num="83" type="stmt" count="0"/>
        <line num="84" type="stmt" count="0"/>
        <line num="86" type="stmt" count="0"/>
        <line num="87" type="stmt" count="0"/>
        <line num="89" type="stmt" count="0"/>
        <line num="98" type="method" name="logging" visibility="public" complexity="4" crap="20.00" count="0"/>
        <line num="100" type="stmt" count="0"/>
        <line num="101" type="stmt" count="0"/>
        <line num="102" type="stmt" count="0"/>
        <line num="104" type="stmt" count="0"/>
        <line num="105" type="stmt" count="0"/>
        <line num="108" type="stmt" count="0"/>
        <line num="115" type="method" name="register" visibility="public" complexity="2" crap="6.00" count="0"/>
        <line num="117" type="stmt" count="0"/>
        <line num="118" type="stmt" count="0"/>
        <line num="119" type="stmt" count="0"/>
        <line num="120" type="stmt" count="0"/>
        <line num="122" type="stmt" count="0"/>
        <line num="125" type="stmt" count="0"/>
        <line num="133" type="method" name="unregister" visibility="public" complexity="2" crap="6.00" count="0"/>
        <line num="135" type="stmt" count="0"/>
        <line num="136" type="stmt" count="0"/>
        <line num="137" type="stmt" count="0"/>
        <line num="139" type="stmt" count="0"/>
        <line num="142" type="stmt" count="0"/>
        <line num="152" type="method" name="allowQuit" visibility="public" complexity="2" crap="6.00" count="0"/>
        <line num="154" type="stmt" count="0"/>
        <line num="155" type="stmt" count="0"/>
        <line num="158" type="stmt" count="0"/>
        <line num="169" type="method" name="handleException" visibility="public" complexity="23" crap="552.00" count="0"/>
        <line num="191" type="stmt" count="0"/>
        <line num="192" type="stmt" count="0"/>
        <line num="193" type="stmt" count="0"/>
        <line num="195" type="stmt" count="0"/>
        <line num="197" type="stmt" count="0"/>
        <line num="198" type="stmt" count="0"/>
        <line num="200" type="stmt" count="0"/>
        <line num="201" type="stmt" count="0"/>
        <line num="202" type="stmt" count="0"/>
        <line num="203" type="stmt" count="0"/>
        <line num="204" type="stmt" count="0"/>
        <line num="205" type="stmt" count="0"/>
        <line num="206" type="stmt" count="0"/>
        <line num="207" type="stmt" count="0"/>
        <line num="208" type="stmt" count="0"/>
        <line num="209" type="stmt" count="0"/>
        <line num="210" type="stmt" count="0"/>
        <line num="211" type="stmt" count="0"/>
        <line num="212" type="stmt" count="0"/>
        <line num="213" type="stmt" count="0"/>
        <line num="214" type="stmt" count="0"/>
        <line num="215" type="stmt" count="0"/>
        <line num="216" type="stmt" count="0"/>
        <line num="217" type="stmt" count="0"/>
        <line num="218" type="stmt" count="0"/>
        <line num="219" type="stmt" count="0"/>
        <line num="220" type="stmt" count="0"/>
        <line num="221" type="stmt" count="0"/>
        <line num="222" type="stmt" count="0"/>
        <line num="223" type="stmt" count="0"/>
        <line num="224" type="stmt" count="0"/>
        <line num="225" type="stmt" count="0"/>
        <line num="226" type="stmt" count="0"/>
        <line num="227" type="stmt" count="0"/>
        <line num="228" type="stmt" count="0"/>
        <line num="229" type="stmt" count="0"/>
        <line num="230" type="stmt" count="0"/>
        <line num="231" type="stmt" count="0"/>
        <line num="232" type="stmt" count="0"/>
        <line num="233" type="stmt" count="0"/>
        <line num="234" type="stmt" count="0"/>
        <line num="235" type="stmt" count="0"/>
        <line num="236" type="stmt" count="0"/>
        <line num="237" type="stmt" count="0"/>
        <line num="238" type="stmt" count="0"/>
        <line num="239" type="stmt" count="0"/>
        <line num="240" type="stmt" count="0"/>
        <line num="241" type="stmt" count="0"/>
        <line num="242" type="stmt" count="0"/>
        <line num="243" type="stmt" count="0"/>
        <line num="244" type="stmt" count="0"/>
        <line num="245" type="stmt" count="0"/>
        <line num="246" type="stmt" count="0"/>
        <line num="247" type="stmt" count="0"/>
        <line num="249" type="stmt" count="0"/>
        <line num="250" type="stmt" count="0"/>
        <line num="253" type="stmt" count="0"/>
        <line num="273" type="stmt" count="0"/>
        <line num="277" type="stmt" count="0"/>
        <line num="281" type="stmt" count="0"/>
        <line num="283" type="stmt" count="0"/>
        <line num="286" type="stmt" count="0"/>
        <line num="288" type="stmt" count="0"/>
        <line num="291" type="stmt" count="0"/>
        <line num="295" type="stmt" count="0"/>
        <line num="299" type="stmt" count="0"/>
        <line num="308" type="stmt" count="0"/>
        <line num="309" type="stmt" count="0"/>
        <line num="310" type="stmt" count="0"/>
        <line num="312" type="stmt" count="0"/>
        <line num="314" type="stmt" count="0"/>
        <line num="317" type="stmt" count="0"/>
        <line num="335" type="method" name="handleError" visibility="public" complexity="17" crap="306.00" count="0"/>
        <line num="337" type="stmt" count="0"/>
        <line num="338" type="stmt" count="0"/>
        <line num="339" type="stmt" count="0"/>
        <line num="340" type="stmt" count="0"/>
        <line num="343" type="stmt" count="0"/>
        <line num="344" type="stmt" count="0"/>
        <line num="345" type="stmt" count="0"/>
        <line num="349" type="stmt" count="0"/>
        <line num="350" type="stmt" count="0"/>
        <line num="352" type="stmt" count="0"/>
        <line num="353" type="stmt" count="0"/>
        <line num="354" type="stmt" count="0"/>
        <line num="355" type="stmt" count="0"/>
        <line num="356" type="stmt" count="0"/>
        <line num="357" type="stmt" count="0"/>
        <line num="358" type="stmt" count="0"/>
        <line num="359" type="stmt" count="0"/>
        <line num="360" type="stmt" count="0"/>
        <line num="361" type="stmt" count="0"/>
        <line num="362" type="stmt" count="0"/>
        <line num="363" type="stmt" count="0"/>
        <line num="367" type="stmt" count="0"/>
        <line num="368" type="stmt" count="0"/>
        <line num="370" type="stmt" count="0"/>
        <line num="372" type="stmt" count="0"/>
        <line num="373" type="stmt" count="0"/>
        <line num="374" type="stmt" count="0"/>
        <line num="375" type="stmt" count="0"/>
        <line num="377" type="stmt" count="0"/>
        <line num="380" type="stmt" count="0"/>
        <line num="385" type="stmt" count="0"/>
        <line num="455" type="method" name="handleShutdown" visibility="public" complexity="10" crap="110.00" count="0"/>
        <line num="457" type="stmt" count="0"/>
        <line num="458" type="stmt" count="0"/>
        <line num="459" type="stmt" count="0"/>
        <line num="461" type="stmt" count="0"/>
        <line num="462" type="stmt" count="0"/>
        <line num="464" type="stmt" count="0"/>
        <line num="465" type="stmt" count="0"/>
        <line num="466" type="stmt" count="0"/>
        <line num="467" type="stmt" count="0"/>
        <line num="468" type="stmt" count="0"/>
        <line num="471" type="stmt" count="0"/>
        <line num="472" type="stmt" count="0"/>
        <line num="474" type="stmt" count="0"/>
        <line num="475" type="stmt" count="0"/>
        <line num="480" type="stmt" count="0"/>
        <line num="482" type="stmt" count="0"/>
        <line num="485" type="stmt" count="0"/>
        <line num="486" type="stmt" count="0"/>
        <line num="487" type="stmt" count="0"/>
        <line num="488" type="stmt" count="0"/>
        <line num="489" type="stmt" count="0"/>
        <line num="492" type="stmt" count="0"/>
        <line num="496" type="stmt" count="0"/>
        <line num="505" type="method" name="buildNotice" visibility="public" complexity="3" crap="12.00" count="0"/>
        <line num="508" type="stmt" count="0"/>
        <line num="509" type="stmt" count="0"/>
        <line num="510" type="stmt" count="0"/>
        <line num="514" type="stmt" count="0"/>
        <line num="516" type="stmt" count="0"/>
        <line num="517" type="stmt" count="0"/>
        <line num="519" type="stmt" count="0"/>
        <line num="520" type="stmt" count="0"/>
        <line num="523" type="stmt" count="0"/>
        <line num="533" type="method" name="isLevelFatal" visibility="public" complexity="1" crap="2.00" count="0"/>
        <line num="535" type="stmt" count="0"/>
        <line num="536" type="stmt" count="0"/>
        <line num="537" type="stmt" count="0"/>
        <line num="538" type="stmt" count="0"/>
        <line num="539" type="stmt" count="0"/>
        <line num="540" type="stmt" count="0"/>
        <line num="542" type="stmt" count="0"/>
        <metrics loc="544" ncloc="307" classes="1" methods="10" coveredmethods="0" conditionals="0" coveredconditionals="0" statements="169" coveredstatements="0" elements="179" coveredelements="0"/>
      </file>
      <file name="D:\xampp\htdocs\app\vendor\ironphp\ironphp\src\Friday\Foundation\Exceptions\System.php">
        <class name="Friday\Foundation\Exceptions\System" namespace="Friday\Foundation\Exceptions">
          <metrics complexity="15" methods="14" coveredmethods="0" conditionals="0" coveredconditionals="0" statements="20" coveredstatements="0" elements="34" coveredelements="0"/>
        </class>
        <line num="28" type="method" name="startOutputBuffering" visibility="public" complexity="1" crap="2.00" count="0"/>
        <line num="30" type="stmt" count="0"/>
        <line num="39" type="method" name="setErrorHandler" visibility="public" complexity="2" crap="6.00" count="0"/>
        <line num="42" type="stmt" count="0"/>
        <line num="43" type="stmt" count="0"/>
        <line num="46" type="stmt" count="0"/>
        <line num="54" type="method" name="setExceptionHandler" visibility="public" complexity="1" crap="2.00" count="0"/>
        <line num="56" type="stmt" count="0"/>
        <line num="62" type="method" name="restoreExceptionHandler" visibility="public" complexity="1" crap="2.00" count="0"/>
        <line num="64" type="stmt" count="0"/>
        <line num="65" type="stmt" count="0"/>
        <line num="70" type="method" name="restoreErrorHandler" visibility="public" complexity="1" crap="2.00" count="0"/>
        <line num="72" type="stmt" count="0"/>
        <line num="73" type="stmt" count="0"/>
        <line num="80" type="method" name="registerShutdownFunction" visibility="public" complexity="1" crap="2.00" count="0"/>
        <line num="82" type="stmt" count="0"/>
        <line num="83" type="stmt" count="0"/>
        <line num="88" type="method" name="cleanOutputBuffer" visibility="public" complexity="1" crap="2.00" count="0"/>
        <line num="90" type="stmt" count="0"/>
        <line num="96" type="method" name="getOutputBufferLevel" visibility="public" complexity="1" crap="2.00" count="0"/>
        <line num="98" type="stmt" count="0"/>
        <line num="104" type="method" name="endOutputBuffering" visibility="public" complexity="1" crap="2.00" count="0"/>
        <line num="106" type="stmt" count="0"/>
        <line num="112" type="method" name="flushOutputBuffer" visibility="public" complexity="1" crap="2.00" count="0"/>
        <line num="114" type="stmt" count="0"/>
        <line num="115" type="stmt" count="0"/>
        <line num="120" type="method" name="getErrorReportingLevel" visibility="public" complexity="1" crap="2.00" count="0"/>
        <line num="122" type="stmt" count="0"/>
        <line num="128" type="method" name="getLastError" visibility="public" complexity="1" crap="2.00" count="0"/>
        <line num="130" type="stmt" count="0"/>
        <line num="138" type="method" name="setHttpResponseCode" visibility="public" complexity="1" crap="2.00" count="0"/>
        <line num="140" type="stmt" count="0"/>
        <line num="146" type="method" name="stopExecution" visibility="public" complexity="1" crap="2.00" count="0"/>
        <line num="148" type="stmt" count="0"/>
        <metrics loc="150" ncloc="77" classes="1" methods="14" coveredmethods="0" conditionals="0" coveredconditionals="0" statements="20" coveredstatements="0" elements="34" coveredelements="0"/>
      </file>
    </package>
    <file name="D:\xampp\htdocs\app\vendor\ironphp\ironphp\src\Friday\Foundation\Exceptions\HandlerInterface.php">
      <metrics loc="99" ncloc="26" classes="0" methods="0" coveredmethods="0" conditionals="0" coveredconditionals="0" statements="0" coveredstatements="0" elements="0" coveredelements="0"/>
    </file>
    <file name="D:\xampp\htdocs\app\vendor\ironphp\ironphp\src\Friday\Helper\Constant.php">
      <line num="26" type="stmt" count="0"/>
      <line num="27" type="stmt" count="0"/>
      <line num="28" type="stmt" count="0"/>
      <metrics loc="28" ncloc="6" classes="0" methods="0" coveredmethods="0" conditionals="0" coveredconditionals="0" statements="3" coveredstatements="0" elements="3" coveredelements="0"/>
    </file>
    <package name="Friday\Helper">
      <file name="D:\xampp\htdocs\app\vendor\ironphp\ironphp\src\Friday\Helper\Cookie.php">
        <class name="Friday\Helper\Cookie" namespace="Friday\Helper">
          <metrics complexity="22" methods="16" coveredmethods="0" conditionals="0" coveredconditionals="0" statements="83" coveredstatements="0" elements="99" coveredelements="0"/>
        </class>
        <line num="109" type="method" name="__construct" visibility="public" complexity="1" crap="2.00" count="0"/>
        <line num="111" type="stmt" count="0"/>
        <line num="112" type="stmt" count="0"/>
        <line num="122" type="method" name="_invalid" visibility="public" complexity="1" crap="2.00" count="0"/>
        <line num="125" type="stmt" count="0"/>
        <line num="126" type="stmt" count="0"/>
        <line num="127" type="stmt" count="0"/>
        <line num="137" type="method" name="_ip" visibility="protected" complexity="3" crap="12.00" count="0"/>
        <line num="139" type="stmt" count="0"/>
        <line num="140" type="stmt" count="0"/>
        <line num="142" type="stmt" count="0"/>
        <line num="143" type="stmt" count="0"/>
        <line num="146" type="stmt" count="0"/>
        <line num="154" type="method" name="_setup" visibility="protected" complexity="1" crap="2.00" count="0"/>
        <line num="156" type="stmt" count="0"/>
        <line num="157" type="stmt" count="0"/>
        <line num="158" type="stmt" count="0"/>
        <line num="159" type="stmt" count="0"/>
        <line num="160" type="stmt" count="0"/>
        <line num="161" type="stmt" count="0"/>
        <line num="162" type="stmt" count="0"/>
        <line num="163" type="stmt" count="0"/>
        <line num="165" type="stmt" count="0"/>
        <line num="177" type="method" name="_sign" visibility="protected" complexity="1" crap="2.00" count="0"/>
        <line num="179" type="stmt" count="0"/>
        <line num="180" type="stmt" count="0"/>
        <line num="182" type="stmt" count="0"/>
        <line num="195" type="method" name="_stamp" visibility="protected" complexity="3" crap="12.00" count="0"/>
        <line num="197" type="stmt" count="0"/>
        <line num="198" type="stmt" count="0"/>
        <line num="199" type="stmt" count="0"/>
        <line num="202" type="stmt" count="0"/>
        <line num="216" type="method" name="_valid" visibility="protected" complexity="1" crap="2.00" count="0"/>
        <line num="219" type="stmt" count="0"/>
        <line num="221" type="stmt" count="0"/>
        <line num="229" type="method" name="destroy" visibility="public" complexity="1" crap="2.00" count="0"/>
        <line num="232" type="stmt" count="0"/>
        <line num="235" type="stmt" count="0"/>
        <line num="236" type="stmt" count="0"/>
        <line num="237" type="stmt" count="0"/>
        <line num="238" type="stmt" count="0"/>
        <line num="239" type="stmt" count="0"/>
        <line num="240" type="stmt" count="0"/>
        <line num="241" type="stmt" count="0"/>
        <line num="242" type="stmt" count="0"/>
        <line num="243" type="stmt" count="0"/>
        <line num="245" type="stmt" count="0"/>
        <line num="246" type="stmt" count="0"/>
        <line num="247" type="stmt" count="0"/>
        <line num="248" type="stmt" count="0"/>
        <line num="249" type="stmt" count="0"/>
        <line num="250" type="stmt" count="0"/>
        <line num="251" type="stmt" count="0"/>
        <line num="252" type="stmt" count="0"/>
        <line num="259" type="stmt" count="0"/>
        <line num="260" type="stmt" count="0"/>
        <line num="263" type="stmt" count="0"/>
        <line num="264" type="stmt" count="0"/>
        <line num="271" type="method" name="open" visibility="public" complexity="3" crap="12.00" count="0"/>
        <line num="274" type="stmt" count="0"/>
        <line num="277" type="stmt" count="0"/>
        <line num="278" type="stmt" count="0"/>
        <line num="281" type="stmt" count="0"/>
        <line num="284" type="stmt" count="0"/>
        <line num="285" type="stmt" count="0"/>
        <line num="288" type="stmt" count="0"/>
        <line num="289" type="stmt" count="0"/>
        <line num="290" type="stmt" count="0"/>
        <line num="293" type="stmt" count="0"/>
        <line num="300" type="stmt" count="0"/>
        <line num="301" type="stmt" count="0"/>
        <line num="302" type="stmt" count="0"/>
        <line num="304" type="stmt" count="0"/>
        <line num="305" type="stmt" count="0"/>
        <line num="306" type="stmt" count="0"/>
        <line num="307" type="stmt" count="0"/>
        <line num="308" type="stmt" count="0"/>
        <line num="311" type="stmt" count="0"/>
        <line num="320" type="method" name="setExpiry" visibility="public" complexity="1" crap="2.00" count="0"/>
        <line num="322" type="stmt" count="0"/>
        <line num="323" type="stmt" count="0"/>
        <line num="332" type="method" name="setHost" visibility="public" complexity="1" crap="2.00" count="0"/>
        <line num="334" type="stmt" count="0"/>
        <line num="335" type="stmt" count="0"/>
        <line num="344" type="method" name="setLifetime" visibility="public" complexity="1" crap="2.00" count="0"/>
        <line num="346" type="stmt" count="0"/>
        <line num="347" type="stmt" count="0"/>
        <line num="358" type="method" name="setName" visibility="public" complexity="1" crap="2.00" count="0"/>
        <line num="360" type="stmt" count="0"/>
        <line num="361" type="stmt" count="0"/>
        <line num="370" type="method" name="setPath" visibility="public" complexity="1" crap="2.00" count="0"/>
        <line num="372" type="stmt" count="0"/>
        <line num="373" type="stmt" count="0"/>
        <line num="384" type="method" name="setSecret" visibility="public" complexity="1" crap="2.00" count="0"/>
        <line num="386" type="stmt" count="0"/>
        <line num="387" type="stmt" count="0"/>
        <line num="394" type="method" name="setSecured" visibility="public" complexity="1" crap="2.00" count="0"/>
        <line num="396" type="stmt" count="0"/>
        <line num="397" type="stmt" count="0"/>
        <metrics loc="398" ncloc="173" classes="1" methods="16" coveredmethods="0" conditionals="0" coveredconditionals="0" statements="83" coveredstatements="0" elements="99" coveredelements="0"/>
      </file>
      <file name="D:\xampp\htdocs\app\vendor\ironphp\ironphp\src\Friday\Helper\Pagination.php">
        <class name="Friday\Helper\Pagination" namespace="Friday\Helper">
          <metrics complexity="38" methods="4" coveredmethods="0" conditionals="0" coveredconditionals="0" statements="64" coveredstatements="0" elements="68" coveredelements="0"/>
        </class>
        <line num="56" type="method" name="__construct" visibility="public" complexity="1" crap="2.00" count="0"/>
        <line num="58" type="stmt" count="0"/>
        <line num="68" type="method" name="initialize" visibility="public" complexity="2" crap="6.00" count="0"/>
        <line num="70" type="stmt" count="0"/>
        <line num="71" type="stmt" count="0"/>
        <line num="72" type="stmt" count="0"/>
        <line num="73" type="stmt" count="0"/>
        <line num="74" type="stmt" count="0"/>
        <line num="81" type="method" name="getStartPoint" visibility="public" complexity="1" crap="2.00" count="0"/>
        <line num="83" type="stmt" count="0"/>
        <line num="96" type="method" name="getPaginationHtml" visibility="public" complexity="34" crap="1190.00" count="0"/>
        <line num="98" type="stmt" count="0"/>
        <line num="99" type="stmt" count="0"/>
        <line num="102" type="stmt" count="0"/>
        <line num="103" type="stmt" count="0"/>
        <line num="104" type="stmt" count="0"/>
        <line num="105" type="stmt" count="0"/>
        <line num="107" type="stmt" count="0"/>
        <line num="108" type="stmt" count="0"/>
        <line num="110" type="stmt" count="0"/>
        <line num="111" type="stmt" count="0"/>
        <line num="112" type="stmt" count="0"/>
        <line num="113" type="stmt" count="0"/>
        <line num="117" type="stmt" count="0"/>
        <line num="118" type="stmt" count="0"/>
        <line num="122" type="stmt" count="0"/>
        <line num="124" type="stmt" count="0"/>
        <line num="125" type="stmt" count="0"/>
        <line num="127" type="stmt" count="0"/>
        <line num="128" type="stmt" count="0"/>
        <line num="129" type="stmt" count="0"/>
        <line num="130" type="stmt" count="0"/>
        <line num="132" type="stmt" count="0"/>
        <line num="133" type="stmt" count="0"/>
        <line num="134" type="stmt" count="0"/>
        <line num="135" type="stmt" count="0"/>
        <line num="136" type="stmt" count="0"/>
        <line num="139" type="stmt" count="0"/>
        <line num="140" type="stmt" count="0"/>
        <line num="141" type="stmt" count="0"/>
        <line num="142" type="stmt" count="0"/>
        <line num="144" type="stmt" count="0"/>
        <line num="147" type="stmt" count="0"/>
        <line num="148" type="stmt" count="0"/>
        <line num="149" type="stmt" count="0"/>
        <line num="150" type="stmt" count="0"/>
        <line num="151" type="stmt" count="0"/>
        <line num="153" type="stmt" count="0"/>
        <line num="156" type="stmt" count="0"/>
        <line num="157" type="stmt" count="0"/>
        <line num="158" type="stmt" count="0"/>
        <line num="159" type="stmt" count="0"/>
        <line num="160" type="stmt" count="0"/>
        <line num="161" type="stmt" count="0"/>
        <line num="163" type="stmt" count="0"/>
        <line num="166" type="stmt" count="0"/>
        <line num="168" type="stmt" count="0"/>
        <line num="169" type="stmt" count="0"/>
        <line num="170" type="stmt" count="0"/>
        <line num="171" type="stmt" count="0"/>
        <line num="173" type="stmt" count="0"/>
        <line num="178" type="stmt" count="0"/>
        <line num="179" type="stmt" count="0"/>
        <line num="180" type="stmt" count="0"/>
        <line num="181" type="stmt" count="0"/>
        <line num="183" type="stmt" count="0"/>
        <line num="189" type="stmt" count="0"/>
        <line num="192" type="stmt" count="0"/>
        <metrics loc="194" ncloc="120" classes="1" methods="4" coveredmethods="0" conditionals="0" coveredconditionals="0" statements="64" coveredstatements="0" elements="68" coveredelements="0"/>
      </file>
      <file name="D:\xampp\htdocs\app\vendor\ironphp\ironphp\src\Friday\Helper\Session.php">
        <class name="Friday\Helper\Session" namespace="Friday\Helper">
          <metrics complexity="19" methods="14" coveredmethods="0" conditionals="0" coveredconditionals="0" statements="40" coveredstatements="0" elements="54" coveredelements="0"/>
        </class>
        <line num="28" type="method" name="__construct" visibility="public" complexity="2" crap="6.00" count="0"/>
        <line num="30" type="stmt" count="0"/>
        <line num="31" type="stmt" count="0"/>
        <line num="33" type="stmt" count="0"/>
        <line num="40" type="method" name="register" visibility="public" complexity="1" crap="2.00" count="0"/>
        <line num="42" type="stmt" count="0"/>
        <line num="43" type="stmt" count="0"/>
        <line num="44" type="stmt" count="0"/>
        <line num="45" type="stmt" count="0"/>
        <line num="52" type="method" name="isRegistered" visibility="public" complexity="2" crap="6.00" count="0"/>
        <line num="54" type="stmt" count="0"/>
        <line num="55" type="stmt" count="0"/>
        <line num="57" type="stmt" count="0"/>
        <line num="69" type="method" name="set" visibility="public" complexity="1" crap="2.00" count="0"/>
        <line num="71" type="stmt" count="0"/>
        <line num="72" type="stmt" count="0"/>
        <line num="79" type="method" name="get" visibility="public" complexity="2" crap="6.00" count="0"/>
        <line num="81" type="stmt" count="0"/>
        <line num="89" type="method" name="getSession" visibility="public" complexity="1" crap="2.00" count="0"/>
        <line num="91" type="stmt" count="0"/>
        <line num="99" type="method" name="getSessionId" visibility="public" complexity="1" crap="2.00" count="0"/>
        <line num="101" type="stmt" count="0"/>
        <line num="109" type="method" name="isExpired" visibility="public" complexity="2" crap="6.00" count="0"/>
        <line num="111" type="stmt" count="0"/>
        <line num="112" type="stmt" count="0"/>
        <line num="114" type="stmt" count="0"/>
        <line num="121" type="method" name="renew" visibility="public" complexity="1" crap="2.00" count="0"/>
        <line num="123" type="stmt" count="0"/>
        <line num="124" type="stmt" count="0"/>
        <line num="131" type="method" name="timeNow" visibility="private" complexity="1" crap="2.00" count="0"/>
        <line num="133" type="stmt" count="0"/>
        <line num="134" type="stmt" count="0"/>
        <line num="135" type="stmt" count="0"/>
        <line num="136" type="stmt" count="0"/>
        <line num="137" type="stmt" count="0"/>
        <line num="138" type="stmt" count="0"/>
        <line num="140" type="stmt" count="0"/>
        <line num="148" type="method" name="newTime" visibility="private" complexity="1" crap="2.00" count="0"/>
        <line num="150" type="stmt" count="0"/>
        <line num="151" type="stmt" count="0"/>
        <line num="152" type="stmt" count="0"/>
        <line num="153" type="stmt" count="0"/>
        <line num="154" type="stmt" count="0"/>
        <line num="155" type="stmt" count="0"/>
        <line num="157" type="stmt" count="0"/>
        <line num="165" type="method" name="end" visibility="public" complexity="1" crap="2.00" count="0"/>
        <line num="167" type="stmt" count="0"/>
        <line num="168" type="stmt" count="0"/>
        <line num="169" type="stmt" count="0"/>
        <line num="176" type="method" name="getToken" visibility="public" complexity="1" crap="2.00" count="0"/>
        <line num="178" type="stmt" count="0"/>
        <line num="180" type="stmt" count="0"/>
        <line num="190" type="method" name="checkToken" visibility="public" complexity="2" crap="6.00" count="0"/>
        <line num="192" type="stmt" count="0"/>
        <metrics loc="194" ncloc="105" classes="1" methods="14" coveredmethods="0" conditionals="0" coveredconditionals="0" statements="40" coveredstatements="0" elements="54" coveredelements="0"/>
      </file>
[...]
        <line num="270" type="stmt" count="0"/>
        <line num="271" type="stmt" count="0"/>
        <line num="272" type="stmt" count="0"/>
        <line num="274" type="stmt" count="0"/>
        <line num="276" type="stmt" count="0"/>
        <line num="286" type="method" name="update" visibility="public" complexity="5" crap="30.00" count="0"/>
        <line num="288" type="stmt" count="0"/>
        <line num="289" type="stmt" count="0"/>
        <line num="290" type="stmt" count="0"/>
        <line num="291" type="stmt" count="0"/>
        <line num="292" type="stmt" count="0"/>
        <line num="293" type="stmt" count="0"/>
        <line num="294" type="stmt" count="0"/>
        <line num="296" type="stmt" count="0"/>
        <line num="299" type="stmt" count="0"/>
        <line num="300" type="stmt" count="0"/>
        <line num="302" type="stmt" count="0"/>
        <line num="303" type="stmt" count="0"/>
        <line num="304" type="stmt" count="0"/>
        <line num="306" type="stmt" count="0"/>
        <line num="308" type="stmt" count="0"/>
        <line num="317" type="method" name="delete" visibility="public" complexity="3" crap="12.00" count="0"/>
        <line num="319" type="stmt" count="0"/>
        <line num="320" type="stmt" count="0"/>
        <line num="321" type="stmt" count="0"/>
        <line num="323" type="stmt" count="0"/>
        <line num="324" type="stmt" count="0"/>
        <line num="325" type="stmt" count="0"/>
        <line num="327" type="stmt" count="0"/>
        <line num="329" type="stmt" count="0"/>
        <line num="340" type="method" name="where" visibility="public" complexity="7" crap="56.00" count="0"/>
        <line num="342" type="stmt" count="0"/>
        <line num="343" type="stmt" count="0"/>
        <line num="344" type="stmt" count="0"/>
        <line num="346" type="stmt" count="0"/>
        <line num="347" type="stmt" count="0"/>
        <line num="348" type="stmt" count="0"/>
        <line num="349" type="stmt" count="0"/>
        <line num="350" type="stmt" count="0"/>
        <line num="351" type="stmt" count="0"/>
        <line num="354" type="stmt" count="0"/>
        <line num="365" type="method" name="like" visibility="public" complexity="7" crap="56.00" count="0"/>
        <line num="367" type="stmt" count="0"/>
        <line num="368" type="stmt" count="0"/>
        <line num="369" type="stmt" count="0"/>
        <line num="371" type="stmt" count="0"/>
        <line num="372" type="stmt" count="0"/>
        <line num="373" type="stmt" count="0"/>
        <line num="374" type="stmt" count="0"/>
        <line num="375" type="stmt" count="0"/>
        <line num="376" type="stmt" count="0"/>
        <line num="379" type="stmt" count="0"/>
        <line num="390" type="method" name="orderBy" visibility="public" complexity="4" crap="20.00" count="0"/>
        <line num="392" type="stmt" count="0"/>
        <line num="393" type="stmt" count="0"/>
        <line num="394" type="stmt" count="0"/>
        <line num="395" type="stmt" count="0"/>
        <line num="398" type="stmt" count="0"/>
        <line num="409" type="method" name="limit" visibility="public" complexity="3" crap="12.00" count="0"/>
        <line num="411" type="stmt" count="0"/>
        <line num="412" type="stmt" count="0"/>
        <line num="413" type="stmt" count="0"/>
        <line num="414" type="stmt" count="0"/>
        <line num="416" type="stmt" count="0"/>
        <line num="419" type="stmt" count="0"/>
        <line num="430" type="method" name="onDuplicateUpdate" visibility="public" complexity="7" crap="56.00" count="0"/>
        <line num="432" type="stmt" count="0"/>
        <line num="433" type="stmt" count="0"/>
        <line num="434" type="stmt" count="0"/>
        <line num="436" type="stmt" count="0"/>
        <line num="437" type="stmt" count="0"/>
        <line num="438" type="stmt" count="0"/>
        <line num="441" type="stmt" count="0"/>
        <line num="444" type="stmt" count="0"/>
        <line num="455" type="method" name="buildQuery" visibility="public" complexity="23" crap="552.00" count="0"/>
        <line num="457" type="stmt" count="0"/>
        <line num="458" type="stmt" count="0"/>
        <line num="459" type="stmt" count="0"/>
        <line num="460" type="stmt" count="0"/>
        <line num="461" type="stmt" count="0"/>
        <line num="462" type="stmt" count="0"/>
        <line num="464" type="stmt" count="0"/>
        <line num="466" type="stmt" count="0"/>
        <line num="467" type="stmt" count="0"/>
        <line num="468" type="stmt" count="0"/>
        <line num="469" type="stmt" count="0"/>
        <line num="470" type="stmt" count="0"/>
        <line num="471" type="stmt" count="0"/>
        <line num="472" type="stmt" count="0"/>
        <line num="475" type="stmt" count="0"/>
        <line num="476" type="stmt" count="0"/>
        <line num="479" type="stmt" count="0"/>
        <line num="481" type="stmt" count="0"/>
        <line num="483" type="stmt" count="0"/>
        <line num="484" type="stmt" count="0"/>
        <line num="485" type="stmt" count="0"/>
        <line num="486" type="stmt" count="0"/>
        <line num="487" type="stmt" count="0"/>
        <line num="489" type="stmt" count="0"/>
        <line num="490" type="stmt" count="0"/>
        <line num="492" type="stmt" count="0"/>
        <line num="494" type="stmt" count="0"/>
        <line num="495" type="stmt" count="0"/>
        <line num="496" type="stmt" count="0"/>
        <line num="498" type="stmt" count="0"/>
        <line num="500" type="stmt" count="0"/>
        <line num="501" type="stmt" count="0"/>
        <line num="503" type="stmt" count="0"/>
        <line num="504" type="stmt" count="0"/>
        <line num="505" type="stmt" count="0"/>
        <line num="506" type="stmt" count="0"/>
        <line num="507" type="stmt" count="0"/>
        <line num="508" type="stmt" count="0"/>
        <line num="509" type="stmt" count="0"/>
        <line num="511" type="stmt" count="0"/>
        <line num="513" type="stmt" count="0"/>
        <line num="515" type="stmt" count="0"/>
        <line num="516" type="stmt" count="0"/>
        <line num="517" type="stmt" count="0"/>
        <line num="519" type="stmt" count="0"/>
        <line num="521" type="stmt" count="0"/>
        <line num="531" type="method" name="executeQuery" visibility="public" complexity="3" crap="12.00" count="0"/>
        <line num="533" type="stmt" count="0"/>
        <line num="534" type="stmt" count="0"/>
        <line num="535" type="stmt" count="0"/>
        <line num="536" type="stmt" count="0"/>
        <line num="537" type="stmt" count="0"/>
        <line num="539" type="stmt" count="0"/>
        <line num="540" type="stmt" count="0"/>
        <line num="543" type="stmt" count="0"/>
        <line num="551" type="method" name="getQuery" visibility="private" complexity="1" crap="2.00" count="0"/>
        <line num="553" type="stmt" count="0"/>
        <line num="563" type="method" name="sanitizeFormValue" visibility="public" complexity="2" crap="6.00" count="0"/>
        <line num="565" type="stmt" count="0"/>
        <line num="566" type="stmt" count="0"/>
        <line num="567" type="stmt" count="0"/>
        <line num="570" type="stmt" count="0"/>
        <metrics loc="572" ncloc="340" classes="1" methods="19" coveredmethods="0" conditionals="0" coveredconditionals="0" statements="176" coveredstatements="0" elements="195" coveredelements="0"/>
      </file>
    </package>
    <package name="Friday\View">
      <file name="D:\xampp\htdocs\app\vendor\ironphp\ironphp\src\Friday\View\View.php">
        <class name="Friday\View\View" namespace="Friday\View">
          <metrics complexity="106" methods="16" coveredmethods="0" conditionals="0" coveredconditionals="0" statements="202" coveredstatements="0" elements="218" coveredelements="0"/>
        </class>
        <line num="165" type="method" name="__construct" visibility="public" complexity="1" crap="2.00" count="0"/>
        <line num="167" type="stmt" count="0"/>
        <line num="168" type="stmt" count="0"/>
        <line num="177" type="method" name="addRenderTags" visibility="public" complexity="4" crap="20.00" count="0"/>
        <line num="179" type="stmt" count="0"/>
        <line num="180" type="stmt" count="0"/>
        <line num="181" type="stmt" count="0"/>
        <line num="182" type="stmt" count="0"/>
        <line num="183" type="stmt" count="0"/>
        <line num="184" type="stmt" count="0"/>
        <line num="186" type="stmt" count="0"/>
        <line num="188" type="stmt" count="0"/>
        <line num="190" type="stmt" count="0"/>
        <line num="192" type="stmt" count="0"/>
        <line num="193" type="stmt" count="0"/>
        <line num="207" type="method" name="createTag" visibility="public" complexity="21" crap="462.00" count="0"/>
        <line num="209" type="stmt" count="0"/>
        <line num="210" type="stmt" count="0"/>
        <line num="213" type="stmt" count="0"/>
        <line num="214" type="stmt" count="0"/>
        <line num="215" type="stmt" count="0"/>
        <line num="216" type="stmt" count="0"/>
        <line num="217" type="stmt" count="0"/>
        <line num="218" type="stmt" count="0"/>
        <line num="219" type="stmt" count="0"/>
        <line num="220" type="stmt" count="0"/>
        <line num="223" type="stmt" count="0"/>
        <line num="226" type="stmt" count="0"/>
        <line num="227" type="stmt" count="0"/>
        <line num="230" type="stmt" count="0"/>
        <line num="231" type="stmt" count="0"/>
        <line num="232" type="stmt" count="0"/>
        <line num="233" type="stmt" count="0"/>
        <line num="234" type="stmt" count="0"/>
        <line num="238" type="stmt" count="0"/>
        <line num="239" type="stmt" count="0"/>
        <line num="244" type="stmt" count="0"/>
        <line num="245" type="stmt" count="0"/>
        <line num="246" type="stmt" count="0"/>
        <line num="248" type="stmt" count="0"/>
        <line num="249" type="stmt" count="0"/>
        <line num="250" type="stmt" count="0"/>
        <line num="252" type="stmt" count="0"/>
        <line num="253" type="stmt" count="0"/>
        <line num="254" type="stmt" count="0"/>
        <line num="255" type="stmt" count="0"/>
        <line num="258" type="stmt" count="0"/>
        <line num="259" type="stmt" count="0"/>
        <line num="260" type="stmt" count="0"/>
        <line num="261" type="stmt" count="0"/>
        <line num="262" type="stmt" count="0"/>
        <line num="264" type="stmt" count="0"/>
        <line num="271" type="stmt" count="0"/>
        <line num="273" type="stmt" count="0"/>
        <line num="274" type="stmt" count="0"/>
        <line num="276" type="stmt" count="0"/>
        <line num="277" type="stmt" count="0"/>
        <line num="280" type="stmt" count="0"/>
        <line num="292" type="method" name="renderView" visibility="public" complexity="4" crap="20.00" count="0"/>
        <line num="294" type="stmt" count="0"/>
        <line num="295" type="stmt" count="0"/>
        <line num="296" type="stmt" count="0"/>
        <line num="297" type="stmt" count="0"/>
        <line num="298" type="stmt" count="0"/>
        <line num="299" type="stmt" count="0"/>
        <line num="300" type="stmt" count="0"/>
        <line num="301" type="stmt" count="0"/>
        <line num="302" type="stmt" count="0"/>
        <line num="305" type="stmt" count="0"/>
        <line num="309" type="stmt" count="0"/>
        <line num="322" type="method" name="renderTemplate" visibility="public" complexity="2" crap="6.00" count="0"/>
        <line num="324" type="stmt" count="0"/>
        <line num="325" type="stmt" count="0"/>
        <line num="326" type="stmt" count="0"/>
        <line num="328" type="stmt" count="0"/>
        <line num="330" type="stmt" count="0"/>
        <line num="342" type="method" name="readTemplate" visibility="public" complexity="3" crap="12.00" count="0"/>
        <line num="344" type="stmt" count="0"/>
        <line num="345" type="stmt" count="0"/>
        <line num="347" type="stmt" count="0"/>
        <line num="348" type="stmt" count="0"/>
        <line num="350" type="stmt" count="0"/>
        <line num="359" type="method" name="getTheme" visibility="public" complexity="1" crap="2.00" count="0"/>
        <line num="361" type="stmt" count="0"/>
        <line num="373" type="method" name="setTheme" visibility="public" complexity="2" crap="6.00" count="0"/>
        <line num="375" type="stmt" count="0"/>
        <line num="376" type="stmt" count="0"/>
        <line num="379" type="stmt" count="0"/>
        <line num="380" type="stmt" count="0"/>
        <line num="392" type="method" name="renderTheme" visibility="public" complexity="5" crap="30.00" count="0"/>
        <line num="394" type="stmt" count="0"/>
        <line num="396" type="stmt" count="0"/>
        <line num="429" type="method" name="htmlToArray" visibility="public" complexity="3" crap="12.00" count="0"/>
        <line num="431" type="stmt" count="0"/>
        <line num="432" type="stmt" count="0"/>
        <line num="433" type="stmt" count="0"/>
        <line num="434" type="stmt" count="0"/>
        <line num="435" type="stmt" count="0"/>
        <line num="437" type="stmt" count="0"/>
        <line num="439" type="stmt" count="0"/>
        <line num="440" type="stmt" count="0"/>
        <line num="441" type="stmt" count="0"/>
        <line num="443" type="stmt" count="0"/>
        <line num="455" type="stmt" count="0"/>
        <line num="465" type="method" name="nodeToArray" visibility="public" complexity="12" crap="156.00" count="0"/>
        <line num="467" type="stmt" count="0"/>
        <line num="468" type="stmt" count="0"/>
        <line num="469" type="stmt" count="0"/>
        <line num="470" type="stmt" count="0"/>
        <line num="474" type="stmt" count="0"/>
        <line num="475" type="stmt" count="0"/>
        <line num="476" type="stmt" count="0"/>
        <line num="477" type="stmt" count="0"/>
        <line num="478" type="stmt" count="0"/>
        <line num="479" type="stmt" count="0"/>
        <line num="480" type="stmt" count="0"/>
        <line num="481" type="stmt" count="0"/>
        <line num="483" type="stmt" count="0"/>
        <line num="484" type="stmt" count="0"/>
        <line num="485" type="stmt" count="0"/>
        <line num="486" type="stmt" count="0"/>
        <line num="487" type="stmt" count="0"/>
        <line num="488" type="stmt" count="0"/>
        <line num="489" type="stmt" count="0"/>
        <line num="494" type="stmt" count="0"/>
        <line num="495" type="stmt" count="0"/>
        <line num="498" type="stmt" count="0"/>
        <line num="508" type="method" name="arrayToHtml" visibility="public" complexity="29" crap="870.00" count="0"/>
        <line num="510" type="stmt" count="0"/>
        <line num="511" type="stmt" count="0"/>
        <line num="512" type="stmt" count="0"/>
        <line num="515" type="stmt" count="0"/>
        <line num="516" type="stmt" count="0"/>
        <line num="517" type="stmt" count="0"/>
        <line num="519" type="stmt" count="0"/>
        <line num="520" type="stmt" count="0"/>
        <line num="521" type="stmt" count="0"/>
        <line num="531" type="stmt" count="0"/>
        <line num="532" type="stmt" count="0"/>
        <line num="533" type="stmt" count="0"/>
        <line num="534" type="stmt" count="0"/>
        <line num="536" type="stmt" count="0"/>
        <line num="539" type="stmt" count="0"/>
        <line num="542" type="stmt" count="0"/>
        <line num="543" type="stmt" count="0"/>
        <line num="544" type="stmt" count="0"/>
        <line num="546" type="stmt" count="0"/>
        <line num="548" type="stmt" count="0"/>
        <line num="552" type="stmt" count="0"/>
        <line num="555" type="stmt" count="0"/>
        <line num="556" type="stmt" count="0"/>
        <line num="560" type="stmt" count="0"/>
        <line num="561" type="stmt" count="0"/>
        <line num="563" type="stmt" count="0"/>
        <line num="565" type="stmt" count="0"/>
        <line num="578" type="stmt" count="0"/>
        <line num="579" type="stmt" count="0"/>
        <line num="580" type="stmt" count="0"/>
        <line num="582" type="stmt" count="0"/>
        <line num="583" type="stmt" count="0"/>
        <line num="584" type="stmt" count="0"/>
        <line num="586" type="stmt" count="0"/>
        <line num="587" type="stmt" count="0"/>
        <line num="589" type="stmt" count="0"/>
        <line num="592" type="stmt" count="0"/>
        <line num="602" type="method" name="getChildrenIterator" visibility="public" complexity="1" crap="2.00" count="0"/>
        <line num="604" type="stmt" count="0"/>
        <line num="615" type="method" name="childrenIterate" visibility="public" complexity="4" crap="20.00" count="0"/>
        <line num="617" type="stmt" count="0"/>
        <line num="618" type="stmt" count="0"/>
        <line num="619" type="stmt" count="0"/>
        <line num="620" type="stmt" count="0"/>
        <line num="621" type="stmt" count="0"/>
        <line num="622" type="stmt" count="0"/>
        <line num="623" type="stmt" count="0"/>
        <line num="627" type="stmt" count="0"/>
        <line num="628" type="stmt" count="0"/>
        <line num="636" type="stmt" count="0"/>
        <line num="650" type="method" name="createElement" visibility="public" complexity="6" crap="42.00" count="0"/>
        <line num="652" type="stmt" count="0"/>
        <line num="653" type="stmt" count="0"/>
        <line num="656" type="stmt" count="0"/>
        <line num="657" type="stmt" count="0"/>
        <line num="658" type="stmt" count="0"/>
        <line num="663" type="stmt" count="0"/>
        <line num="664" type="stmt" count="0"/>
        <line num="665" type="stmt" count="0"/>
        <line num="666" type="stmt" count="0"/>
        <line num="667" type="stmt" count="0"/>
        <line num="668" type="stmt" count="0"/>
        <line num="669" type="stmt" count="0"/>
        <line num="671" type="stmt" count="0"/>
        <line num="672" type="stmt" count="0"/>
        <line num="675" type="stmt" count="0"/>
        <line num="688" type="method" name="putData" visibility="public" complexity="8" crap="72.00" count="0"/>
        <line num="690" type="stmt" count="0"/>
        <line num="691" type="stmt" count="0"/>
        <line num="692" type="stmt" count="0"/>
        <line num="693" type="stmt" count="0"/>
        <line num="694" type="stmt" count="0"/>
        <line num="695" type="stmt" count="0"/>
        <line num="696" type="stmt" count="0"/>
        <line num="697" type="stmt" count="0"/>
        <line num="698" type="stmt" count="0"/>
        <line num="699" type="stmt" count="0"/>
        <line num="700" type="stmt" count="0"/>
        <line num="701" type="stmt" count="0"/>
        <line num="702" type="stmt" count="0"/>
        <line num="704" type="stmt" count="0"/>
        <line num="705" type="stmt" count="0"/>
        <line num="708" type="stmt" count="0"/>
        <line num="710" type="stmt" count="0"/>
        <line num="712" type="stmt" count="0"/>
        <line num="713" type="stmt" count="0"/>
        <line num="715" type="stmt" count="0"/>
        <line num="716" type="stmt" count="0"/>
        <line num="720" type="stmt" count="0"/>
        <line num="724" type="stmt" count="0"/>
        <metrics loc="726" ncloc="445" classes="1" methods="16" coveredmethods="0" conditionals="0" coveredconditionals="0" statements="202" coveredstatements="0" elements="218" coveredelements="0"/>
      </file>
    </package>
    <metrics files="40" loc="7660" ncloc="3908" classes="28" methods="244" coveredmethods="0" conditionals="0" coveredconditionals="0" statements="1739" coveredstatements="0" elements="1983" coveredelements="0"/>
  </project>
</coverage>
